  [4;36;1mSQL (16.0ms)[0m   [0;1m SELECT name
 FROM sqlite_master
 WHERE type = 'table' AND NOT name = 'sqlite_sequence'
[0m
  [4;35;1mSQL (0.0ms)[0m   [0mselect sqlite_version(*)[0m
  [4;36;1mSQL (47.0ms)[0m   [0;1mCREATE TABLE "schema_migrations" ("version" varchar(255) NOT NULL) [0m
  [4;35;1mSQL (62.0ms)[0m   [0mCREATE UNIQUE INDEX "unique_schema_migrations" ON "schema_migrations" ("version")[0m
  [4;36;1mSQL (16.0ms)[0m   [0;1m SELECT name
 FROM sqlite_master
 WHERE type = 'table' AND NOT name = 'sqlite_sequence'
[0m
  [4;35;1mSQL (0.0ms)[0m   [0mSELECT version FROM schema_migrations[0m
Migrating to CreateArticles (20090812200841)
  [4;36;1mSQL (0.0ms)[0m   [0;1mCREATE TABLE "articles" ("id" INTEGER PRIMARY KEY AUTOINCREMENT NOT NULL, "title" varchar(255), "body" text, "author" varchar(255), "created_at" datetime, "updated_at" datetime) [0m
  [4;35;1mSQL (0.0ms)[0m   [0mINSERT INTO schema_migrations (version) VALUES ('20090812200841')[0m
  [4;36;1mSQL (0.0ms)[0m   [0;1m SELECT name
 FROM sqlite_master
 WHERE type = 'table' AND NOT name = 'sqlite_sequence'
[0m
  [4;35;1mSQL (0.0ms)[0m   [0mSELECT version FROM schema_migrations[0m
  [4;36;1mSQL (0.0ms)[0m   [0;1m SELECT name
 FROM sqlite_master
 WHERE type = 'table' AND NOT name = 'sqlite_sequence'
[0m
  [4;35;1mSQL (0.0ms)[0m   [0mPRAGMA index_list("articles")[0m
  [4;36;1mArticle Load (0.0ms)[0m   [0;1mSELECT * FROM "articles" [0m
  [4;35;1mArticle Create (0.0ms)[0m   [0mINSERT INTO "articles" ("updated_at", "title", "body", "author", "created_at") VALUES('2009-08-12 20:33:38', 'dima', 'thisis is as', 'dima', '2009-08-12 20:33:38')[0m
  [4;36;1mArticle Load (0.0ms)[0m   [0;1mSELECT * FROM "articles" [0m


Processing ArticlesController#index (for 127.0.0.1 at 2009-08-12 14:12:03) [GET]
  [4;36;1mArticle Load (15.0ms)[0m   [0;1mSELECT * FROM "articles" [0m
Rendering template within layouts/articles
Rendering articles/index
Completed in 1641ms (View: 1610, DB: 15) | 200 OK [http://localhost/articles]


Processing ArticlesController#index (for 127.0.0.1 at 2009-08-12 14:15:47) [GET]
  [4;35;1mArticle Load (0.0ms)[0m   [0mSELECT * FROM "articles" [0m
Rendering template within layouts/articles
Rendering articles/index
Completed in 94ms (View: 63, DB: 0) | 200 OK [http://localhost/articles]


Processing ArticlesController#index (for 127.0.0.1 at 2009-08-12 14:15:49) [GET]
  [4;36;1mArticle Load (0.0ms)[0m   [0;1mSELECT * FROM "articles" [0m
Rendering template within layouts/articles
Rendering articles/index
Completed in 31ms (View: 15, DB: 0) | 200 OK [http://localhost/articles]


Processing ArticlesController#index (for 127.0.0.1 at 2009-08-12 14:21:47) [GET]
  [4;35;1mArticle Load (0.0ms)[0m   [0mSELECT * FROM "articles" [0m
Rendering template within layouts/articles
Rendering articles/index
Completed in 47ms (View: 32, DB: 0) | 200 OK [http://localhost/articles]


Processing ArticlesController#index (for 127.0.0.1 at 2009-08-12 14:23:43) [GET]
  [4;36;1mArticle Load (0.0ms)[0m   [0;1mSELECT * FROM "articles" [0m
Rendering template within layouts/articles
Rendering articles/index
Completed in 47ms (View: 31, DB: 0) | 200 OK [http://localhost/articles]


Processing ApplicationController#index (for 127.0.0.1 at 2009-08-12 14:23:44) [GET]

ActionController::RoutingError (No route matches "/stylesheets/_articles.css" with {:method=>:get}):
  c:/Ruby/lib/ruby/1.8/webrick/httpserver.rb:104:in `service'
  c:/Ruby/lib/ruby/1.8/webrick/httpserver.rb:65:in `run'
  c:/Ruby/lib/ruby/1.8/webrick/server.rb:173:in `start_thread'
  c:/Ruby/lib/ruby/1.8/webrick/server.rb:162:in `start'
  c:/Ruby/lib/ruby/1.8/webrick/server.rb:162:in `start_thread'
  c:/Ruby/lib/ruby/1.8/webrick/server.rb:95:in `start'
  c:/Ruby/lib/ruby/1.8/webrick/server.rb:92:in `each'
  c:/Ruby/lib/ruby/1.8/webrick/server.rb:92:in `start'
  c:/Ruby/lib/ruby/1.8/webrick/server.rb:23:in `start'
  c:/Ruby/lib/ruby/1.8/webrick/server.rb:82:in `start'
  -e:2:in `load'
  -e:2

Rendering rescues/layout (not_found)


Processing ArticlesController#index (for 127.0.0.1 at 2009-08-12 14:47:42) [GET]
  [4;35;1mArticle Load (0.0ms)[0m   [0mSELECT * FROM "articles" [0m
Rendering template within layouts/articles
Rendering articles/index
Completed in 47ms (View: 16, DB: 0) | 200 OK [http://localhost/articles]


Processing ApplicationController#index (for 127.0.0.1 at 2009-08-12 14:47:42) [GET]

ActionController::RoutingError (No route matches "/stylesheets/_articles.css" with {:method=>:get}):
  c:/Ruby/lib/ruby/1.8/webrick/httpserver.rb:104:in `service'
  c:/Ruby/lib/ruby/1.8/webrick/httpserver.rb:65:in `run'
  c:/Ruby/lib/ruby/1.8/webrick/server.rb:173:in `start_thread'
  c:/Ruby/lib/ruby/1.8/webrick/server.rb:162:in `start'
  c:/Ruby/lib/ruby/1.8/webrick/server.rb:162:in `start_thread'
  c:/Ruby/lib/ruby/1.8/webrick/server.rb:95:in `start'
  c:/Ruby/lib/ruby/1.8/webrick/server.rb:92:in `each'
  c:/Ruby/lib/ruby/1.8/webrick/server.rb:92:in `start'
  c:/Ruby/lib/ruby/1.8/webrick/server.rb:23:in `start'
  c:/Ruby/lib/ruby/1.8/webrick/server.rb:82:in `start'
  -e:2:in `load'
  -e:2

Rendering rescues/layout (not_found)


Processing ArticlesController#index (for 127.0.0.1 at 2009-08-12 14:48:25) [GET]
  [4;36;1mArticle Load (15.0ms)[0m   [0;1mSELECT * FROM "articles" [0m
Rendering template within layouts/articles
Rendering articles/index
Completed in 63ms (View: 32, DB: 15) | 200 OK [http://localhost/articles]


Processing ApplicationController#index (for 127.0.0.1 at 2009-08-12 14:48:25) [GET]

ActionController::RoutingError (No route matches "/stylesheets/_articles.css" with {:method=>:get}):
  c:/Ruby/lib/ruby/1.8/webrick/httpserver.rb:104:in `service'
  c:/Ruby/lib/ruby/1.8/webrick/httpserver.rb:65:in `run'
  c:/Ruby/lib/ruby/1.8/webrick/server.rb:173:in `start_thread'
  c:/Ruby/lib/ruby/1.8/webrick/server.rb:162:in `start'
  c:/Ruby/lib/ruby/1.8/webrick/server.rb:162:in `start_thread'
  c:/Ruby/lib/ruby/1.8/webrick/server.rb:95:in `start'
  c:/Ruby/lib/ruby/1.8/webrick/server.rb:92:in `each'
  c:/Ruby/lib/ruby/1.8/webrick/server.rb:92:in `start'
  c:/Ruby/lib/ruby/1.8/webrick/server.rb:23:in `start'
  c:/Ruby/lib/ruby/1.8/webrick/server.rb:82:in `start'
  -e:2:in `load'
  -e:2

Rendering rescues/layout (not_found)


Processing ArticlesController#index (for 127.0.0.1 at 2009-08-12 14:51:59) [GET]
  [4;35;1mArticle Load (0.0ms)[0m   [0mSELECT * FROM "articles" [0m
Rendering template within layouts/articles
Rendering articles/index
Completed in 703ms (View: 656, DB: 0) | 200 OK [http://localhost/articles]


Processing ApplicationController#index (for 127.0.0.1 at 2009-08-12 14:52:00) [GET]

ActionController::RoutingError (No route matches "/stylesheets/_articles.css" with {:method=>:get}):
  c:/Ruby/lib/ruby/1.8/webrick/httpserver.rb:104:in `service'
  c:/Ruby/lib/ruby/1.8/webrick/httpserver.rb:65:in `run'
  c:/Ruby/lib/ruby/1.8/webrick/server.rb:173:in `start_thread'
  c:/Ruby/lib/ruby/1.8/webrick/server.rb:162:in `start'
  c:/Ruby/lib/ruby/1.8/webrick/server.rb:162:in `start_thread'
  c:/Ruby/lib/ruby/1.8/webrick/server.rb:95:in `start'
  c:/Ruby/lib/ruby/1.8/webrick/server.rb:92:in `each'
  c:/Ruby/lib/ruby/1.8/webrick/server.rb:92:in `start'
  c:/Ruby/lib/ruby/1.8/webrick/server.rb:23:in `start'
  c:/Ruby/lib/ruby/1.8/webrick/server.rb:82:in `start'
  -e:2:in `load'
  -e:2

Rendering rescues/layout (not_found)


Processing ArticlesController#index (for 127.0.0.1 at 2009-08-12 14:54:59) [GET]
  [4;36;1mArticle Load (0.0ms)[0m   [0;1mSELECT * FROM "articles" [0m
Rendering template within layouts/articles
Rendering articles/index
Completed in 62ms (View: 31, DB: 0) | 200 OK [http://localhost/articles]


Processing ApplicationController#index (for 127.0.0.1 at 2009-08-12 14:54:59) [GET]

ActionController::RoutingError (No route matches "/stylesheets/_articles.css" with {:method=>:get}):
  c:/Ruby/lib/ruby/1.8/webrick/httpserver.rb:104:in `service'
  c:/Ruby/lib/ruby/1.8/webrick/httpserver.rb:65:in `run'
  c:/Ruby/lib/ruby/1.8/webrick/server.rb:173:in `start_thread'
  c:/Ruby/lib/ruby/1.8/webrick/server.rb:162:in `start'
  c:/Ruby/lib/ruby/1.8/webrick/server.rb:162:in `start_thread'
  c:/Ruby/lib/ruby/1.8/webrick/server.rb:95:in `start'
  c:/Ruby/lib/ruby/1.8/webrick/server.rb:92:in `each'
  c:/Ruby/lib/ruby/1.8/webrick/server.rb:92:in `start'
  c:/Ruby/lib/ruby/1.8/webrick/server.rb:23:in `start'
  c:/Ruby/lib/ruby/1.8/webrick/server.rb:82:in `start'
  -e:2:in `load'
  -e:2

Rendering rescues/layout (not_found)


Processing ArticlesController#index (for 127.0.0.1 at 2009-08-12 14:56:26) [GET]
  [4;35;1mArticle Load (0.0ms)[0m   [0mSELECT * FROM "articles" [0m
Rendering template within layouts/articles
Rendering articles/index
Completed in 31ms (View: 15, DB: 0) | 200 OK [http://localhost/articles]


Processing ApplicationController#index (for 127.0.0.1 at 2009-08-12 14:56:26) [GET]

ActionController::RoutingError (No route matches "/stylesheets/_articles.css" with {:method=>:get}):
  c:/Ruby/lib/ruby/1.8/webrick/httpserver.rb:104:in `service'
  c:/Ruby/lib/ruby/1.8/webrick/httpserver.rb:65:in `run'
  c:/Ruby/lib/ruby/1.8/webrick/server.rb:173:in `start_thread'
  c:/Ruby/lib/ruby/1.8/webrick/server.rb:162:in `start'
  c:/Ruby/lib/ruby/1.8/webrick/server.rb:162:in `start_thread'
  c:/Ruby/lib/ruby/1.8/webrick/server.rb:95:in `start'
  c:/Ruby/lib/ruby/1.8/webrick/server.rb:92:in `each'
  c:/Ruby/lib/ruby/1.8/webrick/server.rb:92:in `start'
  c:/Ruby/lib/ruby/1.8/webrick/server.rb:23:in `start'
  c:/Ruby/lib/ruby/1.8/webrick/server.rb:82:in `start'
  -e:2:in `load'
  -e:2

Rendering rescues/layout (not_found)


Processing ArticlesController#index (for 127.0.0.1 at 2009-08-12 15:32:33) [GET]
  [4;36;1mArticle Load (0.0ms)[0m   [0;1mSELECT * FROM "articles" [0m
Rendering template within layouts/articles
Rendering articles/index
Completed in 32ms (View: 16, DB: 0) | 200 OK [http://localhost/articles]


Processing ApplicationController#index (for 127.0.0.1 at 2009-08-12 15:32:33) [GET]

ActionController::RoutingError (No route matches "/stylesheets/_articles.css" with {:method=>:get}):
  c:/Ruby/lib/ruby/1.8/webrick/httpserver.rb:104:in `service'
  c:/Ruby/lib/ruby/1.8/webrick/httpserver.rb:65:in `run'
  c:/Ruby/lib/ruby/1.8/webrick/server.rb:173:in `start_thread'
  c:/Ruby/lib/ruby/1.8/webrick/server.rb:162:in `start'
  c:/Ruby/lib/ruby/1.8/webrick/server.rb:162:in `start_thread'
  c:/Ruby/lib/ruby/1.8/webrick/server.rb:95:in `start'
  c:/Ruby/lib/ruby/1.8/webrick/server.rb:92:in `each'
  c:/Ruby/lib/ruby/1.8/webrick/server.rb:92:in `start'
  c:/Ruby/lib/ruby/1.8/webrick/server.rb:23:in `start'
  c:/Ruby/lib/ruby/1.8/webrick/server.rb:82:in `start'
  -e:2:in `load'
  -e:2

Rendering rescues/layout (not_found)


Processing ArticlesController#show (for 127.0.0.1 at 2009-08-12 15:34:20) [GET]
  Parameters: {"id"=>"1"}
  [4;35;1mArticle Load (0.0ms)[0m   [0mSELECT * FROM "articles" WHERE ("articles"."id" = 1) [0m
Rendering template within layouts/articles
Rendering articles/show
Completed in 125ms (View: 109, DB: 0) | 200 OK [http://localhost/articles/1]


Processing ApplicationController#index (for 127.0.0.1 at 2009-08-12 15:34:20) [GET]

ActionController::RoutingError (No route matches "/stylesheets/_articles.css" with {:method=>:get}):
  c:/Ruby/lib/ruby/1.8/webrick/httpserver.rb:104:in `service'
  c:/Ruby/lib/ruby/1.8/webrick/httpserver.rb:65:in `run'
  c:/Ruby/lib/ruby/1.8/webrick/server.rb:173:in `start_thread'
  c:/Ruby/lib/ruby/1.8/webrick/server.rb:162:in `start'
  c:/Ruby/lib/ruby/1.8/webrick/server.rb:162:in `start_thread'
  c:/Ruby/lib/ruby/1.8/webrick/server.rb:95:in `start'
  c:/Ruby/lib/ruby/1.8/webrick/server.rb:92:in `each'
  c:/Ruby/lib/ruby/1.8/webrick/server.rb:92:in `start'
  c:/Ruby/lib/ruby/1.8/webrick/server.rb:23:in `start'
  c:/Ruby/lib/ruby/1.8/webrick/server.rb:82:in `start'
  -e:2:in `load'
  -e:2

Rendering rescues/layout (not_found)


Processing ArticlesController#index (for 127.0.0.1 at 2009-08-12 15:34:27) [GET]
  [4;36;1mArticle Load (0.0ms)[0m   [0;1mSELECT * FROM "articles" [0m
Rendering template within layouts/articles
Rendering articles/index
Completed in 47ms (View: 16, DB: 0) | 200 OK [http://localhost/articles]


Processing ApplicationController#index (for 127.0.0.1 at 2009-08-12 15:34:27) [GET]

ActionController::RoutingError (No route matches "/stylesheets/_articles.css" with {:method=>:get}):
  c:/Ruby/lib/ruby/1.8/webrick/httpserver.rb:104:in `service'
  c:/Ruby/lib/ruby/1.8/webrick/httpserver.rb:65:in `run'
  c:/Ruby/lib/ruby/1.8/webrick/server.rb:173:in `start_thread'
  c:/Ruby/lib/ruby/1.8/webrick/server.rb:162:in `start'
  c:/Ruby/lib/ruby/1.8/webrick/server.rb:162:in `start_thread'
  c:/Ruby/lib/ruby/1.8/webrick/server.rb:95:in `start'
  c:/Ruby/lib/ruby/1.8/webrick/server.rb:92:in `each'
  c:/Ruby/lib/ruby/1.8/webrick/server.rb:92:in `start'
  c:/Ruby/lib/ruby/1.8/webrick/server.rb:23:in `start'
  c:/Ruby/lib/ruby/1.8/webrick/server.rb:82:in `start'
  -e:2:in `load'
  -e:2

Rendering rescues/layout (not_found)


Processing ArticlesController#edit (for 127.0.0.1 at 2009-08-12 15:34:28) [GET]
  Parameters: {"id"=>"1"}
  [4;35;1mArticle Load (0.0ms)[0m   [0mSELECT * FROM "articles" WHERE ("articles"."id" = 1) [0m
Rendering template within layouts/articles
Rendering articles/edit
Completed in 79ms (View: 47, DB: 0) | 200 OK [http://localhost/articles/1/edit]


Processing ApplicationController#index (for 127.0.0.1 at 2009-08-12 15:34:29) [GET]

ActionController::RoutingError (No route matches "/stylesheets/_articles.css" with {:method=>:get}):
  c:/Ruby/lib/ruby/1.8/webrick/httpserver.rb:104:in `service'
  c:/Ruby/lib/ruby/1.8/webrick/httpserver.rb:65:in `run'
  c:/Ruby/lib/ruby/1.8/webrick/server.rb:173:in `start_thread'
  c:/Ruby/lib/ruby/1.8/webrick/server.rb:162:in `start'
  c:/Ruby/lib/ruby/1.8/webrick/server.rb:162:in `start_thread'
  c:/Ruby/lib/ruby/1.8/webrick/server.rb:95:in `start'
  c:/Ruby/lib/ruby/1.8/webrick/server.rb:92:in `each'
  c:/Ruby/lib/ruby/1.8/webrick/server.rb:92:in `start'
  c:/Ruby/lib/ruby/1.8/webrick/server.rb:23:in `start'
  c:/Ruby/lib/ruby/1.8/webrick/server.rb:82:in `start'
  -e:2:in `load'
  -e:2

Rendering rescues/layout (not_found)


Processing ArticlesController#index (for 127.0.0.1 at 2009-08-12 15:34:34) [GET]
  [4;36;1mArticle Load (0.0ms)[0m   [0;1mSELECT * FROM "articles" [0m
Rendering template within layouts/articles
Rendering articles/index
Completed in 47ms (View: 32, DB: 0) | 200 OK [http://localhost/articles]


Processing ApplicationController#index (for 127.0.0.1 at 2009-08-12 15:34:34) [GET]

ActionController::RoutingError (No route matches "/stylesheets/_articles.css" with {:method=>:get}):
  c:/Ruby/lib/ruby/1.8/webrick/httpserver.rb:104:in `service'
  c:/Ruby/lib/ruby/1.8/webrick/httpserver.rb:65:in `run'
  c:/Ruby/lib/ruby/1.8/webrick/server.rb:173:in `start_thread'
  c:/Ruby/lib/ruby/1.8/webrick/server.rb:162:in `start'
  c:/Ruby/lib/ruby/1.8/webrick/server.rb:162:in `start_thread'
  c:/Ruby/lib/ruby/1.8/webrick/server.rb:95:in `start'
  c:/Ruby/lib/ruby/1.8/webrick/server.rb:92:in `each'
  c:/Ruby/lib/ruby/1.8/webrick/server.rb:92:in `start'
  c:/Ruby/lib/ruby/1.8/webrick/server.rb:23:in `start'
  c:/Ruby/lib/ruby/1.8/webrick/server.rb:82:in `start'
  -e:2:in `load'
  -e:2

Rendering rescues/layout (not_found)


Processing ArticlesController#new (for 127.0.0.1 at 2009-08-12 15:34:37) [GET]
Rendering template within layouts/articles
Rendering articles/new
Completed in 63ms (View: 31, DB: 0) | 200 OK [http://localhost/articles/new]


Processing ApplicationController#index (for 127.0.0.1 at 2009-08-12 15:34:37) [GET]

ActionController::RoutingError (No route matches "/stylesheets/_articles.css" with {:method=>:get}):
  c:/Ruby/lib/ruby/1.8/webrick/httpserver.rb:104:in `service'
  c:/Ruby/lib/ruby/1.8/webrick/httpserver.rb:65:in `run'
  c:/Ruby/lib/ruby/1.8/webrick/server.rb:173:in `start_thread'
  c:/Ruby/lib/ruby/1.8/webrick/server.rb:162:in `start'
  c:/Ruby/lib/ruby/1.8/webrick/server.rb:162:in `start_thread'
  c:/Ruby/lib/ruby/1.8/webrick/server.rb:95:in `start'
  c:/Ruby/lib/ruby/1.8/webrick/server.rb:92:in `each'
  c:/Ruby/lib/ruby/1.8/webrick/server.rb:92:in `start'
  c:/Ruby/lib/ruby/1.8/webrick/server.rb:23:in `start'
  c:/Ruby/lib/ruby/1.8/webrick/server.rb:82:in `start'
  -e:2:in `load'
  -e:2

Rendering rescues/layout (not_found)


Processing ArticlesController#create (for 127.0.0.1 at 2009-08-12 15:34:56) [POST]
  Parameters: {"article"=>{"body"=>"hello there my firend", "title"=>"vasya's story", "author"=>"vasya"}, "commit"=>"Create", "authenticity_token"=>"WhAY5xyIq8N9fSk0+5Wt1gQRgFGmvJ+cv+c1LK8araw="}
  [4;35;1mArticle Create (0.0ms)[0m   [0mINSERT INTO "articles" ("updated_at", "title", "body", "author", "created_at") VALUES('2009-08-12 22:34:56', 'vasya''s story', 'hello there my firend', 'vasya', '2009-08-12 22:34:56')[0m
Redirected to http://localhost:3000/articles/2
Completed in 234ms (DB: 0) | 302 Found [http://localhost/articles]


Processing ArticlesController#show (for 127.0.0.1 at 2009-08-12 15:34:57) [GET]
  Parameters: {"id"=>"2"}
  [4;36;1mArticle Load (0.0ms)[0m   [0;1mSELECT * FROM "articles" WHERE ("articles"."id" = 2) [0m
Rendering template within layouts/articles
Rendering articles/show
Completed in 31ms (View: 16, DB: 0) | 200 OK [http://localhost/articles/2]


Processing ApplicationController#index (for 127.0.0.1 at 2009-08-12 15:34:57) [GET]

ActionController::RoutingError (No route matches "/stylesheets/_articles.css" with {:method=>:get}):
  c:/Ruby/lib/ruby/1.8/webrick/httpserver.rb:104:in `service'
  c:/Ruby/lib/ruby/1.8/webrick/httpserver.rb:65:in `run'
  c:/Ruby/lib/ruby/1.8/webrick/server.rb:173:in `start_thread'
  c:/Ruby/lib/ruby/1.8/webrick/server.rb:162:in `start'
  c:/Ruby/lib/ruby/1.8/webrick/server.rb:162:in `start_thread'
  c:/Ruby/lib/ruby/1.8/webrick/server.rb:95:in `start'
  c:/Ruby/lib/ruby/1.8/webrick/server.rb:92:in `each'
  c:/Ruby/lib/ruby/1.8/webrick/server.rb:92:in `start'
  c:/Ruby/lib/ruby/1.8/webrick/server.rb:23:in `start'
  c:/Ruby/lib/ruby/1.8/webrick/server.rb:82:in `start'
  -e:2:in `load'
  -e:2

Rendering rescues/layout (not_found)


Processing ArticlesController#index (for 127.0.0.1 at 2009-08-12 15:35:57) [GET]
  [4;35;1mArticle Load (0.0ms)[0m   [0mSELECT * FROM "articles" [0m
Rendering template within layouts/articles
Rendering articles/index
Completed in 31ms (View: 15, DB: 0) | 200 OK [http://localhost/articles]


Processing ApplicationController#index (for 127.0.0.1 at 2009-08-12 15:35:57) [GET]

ActionController::RoutingError (No route matches "/stylesheets/_articles.css" with {:method=>:get}):
  c:/Ruby/lib/ruby/1.8/webrick/httpserver.rb:104:in `service'
  c:/Ruby/lib/ruby/1.8/webrick/httpserver.rb:65:in `run'
  c:/Ruby/lib/ruby/1.8/webrick/server.rb:173:in `start_thread'
  c:/Ruby/lib/ruby/1.8/webrick/server.rb:162:in `start'
  c:/Ruby/lib/ruby/1.8/webrick/server.rb:162:in `start_thread'
  c:/Ruby/lib/ruby/1.8/webrick/server.rb:95:in `start'
  c:/Ruby/lib/ruby/1.8/webrick/server.rb:92:in `each'
  c:/Ruby/lib/ruby/1.8/webrick/server.rb:92:in `start'
  c:/Ruby/lib/ruby/1.8/webrick/server.rb:23:in `start'
  c:/Ruby/lib/ruby/1.8/webrick/server.rb:82:in `start'
  -e:2:in `load'
  -e:2

Rendering rescues/layout (not_found)


Processing ArticlesController#new (for 127.0.0.1 at 2009-08-12 15:35:59) [GET]
Rendering template within layouts/articles
Rendering articles/new
Completed in 47ms (View: 32, DB: 0) | 200 OK [http://localhost/articles/new]


Processing ApplicationController#index (for 127.0.0.1 at 2009-08-12 15:35:59) [GET]

ActionController::RoutingError (No route matches "/stylesheets/_articles.css" with {:method=>:get}):
  c:/Ruby/lib/ruby/1.8/webrick/httpserver.rb:104:in `service'
  c:/Ruby/lib/ruby/1.8/webrick/httpserver.rb:65:in `run'
  c:/Ruby/lib/ruby/1.8/webrick/server.rb:173:in `start_thread'
  c:/Ruby/lib/ruby/1.8/webrick/server.rb:162:in `start'
  c:/Ruby/lib/ruby/1.8/webrick/server.rb:162:in `start_thread'
  c:/Ruby/lib/ruby/1.8/webrick/server.rb:95:in `start'
  c:/Ruby/lib/ruby/1.8/webrick/server.rb:92:in `each'
  c:/Ruby/lib/ruby/1.8/webrick/server.rb:92:in `start'
  c:/Ruby/lib/ruby/1.8/webrick/server.rb:23:in `start'
  c:/Ruby/lib/ruby/1.8/webrick/server.rb:82:in `start'
  -e:2:in `load'
  -e:2

Rendering rescues/layout (not_found)


Processing ArticlesController#new (for 127.0.0.1 at 2009-08-12 15:41:57) [GET]
Rendering template within layouts/articles
Rendering articles/new
Completed in 47ms (View: 31, DB: 0) | 200 OK [http://localhost/articles/new]


Processing ApplicationController#index (for 127.0.0.1 at 2009-08-12 15:41:58) [GET]

ActionController::RoutingError (No route matches "/stylesheets/_articles.css" with {:method=>:get}):
  c:/Ruby/lib/ruby/1.8/webrick/httpserver.rb:104:in `service'
  c:/Ruby/lib/ruby/1.8/webrick/httpserver.rb:65:in `run'
  c:/Ruby/lib/ruby/1.8/webrick/server.rb:173:in `start_thread'
  c:/Ruby/lib/ruby/1.8/webrick/server.rb:162:in `start'
  c:/Ruby/lib/ruby/1.8/webrick/server.rb:162:in `start_thread'
  c:/Ruby/lib/ruby/1.8/webrick/server.rb:95:in `start'
  c:/Ruby/lib/ruby/1.8/webrick/server.rb:92:in `each'
  c:/Ruby/lib/ruby/1.8/webrick/server.rb:92:in `start'
  c:/Ruby/lib/ruby/1.8/webrick/server.rb:23:in `start'
  c:/Ruby/lib/ruby/1.8/webrick/server.rb:82:in `start'
  -e:2:in `load'
  -e:2

Rendering rescues/layout (not_found)


Processing ArticlesController#edit (for 127.0.0.1 at 2009-08-12 15:42:02) [GET]
  Parameters: {"id"=>"1"}
  [4;36;1mArticle Load (0.0ms)[0m   [0;1mSELECT * FROM "articles" WHERE ("articles"."id" = 1) [0m
Rendering template within layouts/articles
Rendering articles/edit
Rendered articles/_form (16.0ms)
Completed in 344ms (View: 328, DB: 0) | 200 OK [http://localhost/articles/edit/1]


Processing ApplicationController#index (for 127.0.0.1 at 2009-08-12 15:42:03) [GET]

ActionController::RoutingError (No route matches "/stylesheets/_articles.css" with {:method=>:get}):
  c:/Ruby/lib/ruby/1.8/webrick/httpserver.rb:104:in `service'
  c:/Ruby/lib/ruby/1.8/webrick/httpserver.rb:65:in `run'
  c:/Ruby/lib/ruby/1.8/webrick/server.rb:173:in `start_thread'
  c:/Ruby/lib/ruby/1.8/webrick/server.rb:162:in `start'
  c:/Ruby/lib/ruby/1.8/webrick/server.rb:162:in `start_thread'
  c:/Ruby/lib/ruby/1.8/webrick/server.rb:95:in `start'
  c:/Ruby/lib/ruby/1.8/webrick/server.rb:92:in `each'
  c:/Ruby/lib/ruby/1.8/webrick/server.rb:92:in `start'
  c:/Ruby/lib/ruby/1.8/webrick/server.rb:23:in `start'
  c:/Ruby/lib/ruby/1.8/webrick/server.rb:82:in `start'
  -e:2:in `load'
  -e:2

Rendering rescues/layout (not_found)


Processing ArticlesController#update (for 127.0.0.1 at 2009-08-12 15:42:07) [PUT]
  Parameters: {"article"=>{"body"=>"thisis is as", "title"=>"dima", "author"=>"dima"}, "commit"=>"Update", "authenticity_token"=>"WhAY5xyIq8N9fSk0+5Wt1gQRgFGmvJ+cv+c1LK8araw=", "id"=>"1"}
  [4;35;1mArticle Load (0.0ms)[0m   [0mSELECT * FROM "articles" WHERE ("articles"."id" = 1) [0m
Redirected to http://localhost:3000/articles/1
Completed in 32ms (DB: 0) | 302 Found [http://localhost/articles/1]


Processing ArticlesController#show (for 127.0.0.1 at 2009-08-12 15:42:07) [GET]
  Parameters: {"id"=>"1"}
  [4;36;1mArticle Load (0.0ms)[0m   [0;1mSELECT * FROM "articles" WHERE ("articles"."id" = 1) [0m
Rendering template within layouts/articles
Rendering articles/show
Completed in 32ms (View: 16, DB: 0) | 200 OK [http://localhost/articles/1]


Processing ApplicationController#index (for 127.0.0.1 at 2009-08-12 15:42:07) [GET]

ActionController::RoutingError (No route matches "/stylesheets/_articles.css" with {:method=>:get}):
  c:/Ruby/lib/ruby/1.8/webrick/httpserver.rb:104:in `service'
  c:/Ruby/lib/ruby/1.8/webrick/httpserver.rb:65:in `run'
  c:/Ruby/lib/ruby/1.8/webrick/server.rb:173:in `start_thread'
  c:/Ruby/lib/ruby/1.8/webrick/server.rb:162:in `start'
  c:/Ruby/lib/ruby/1.8/webrick/server.rb:162:in `start_thread'
  c:/Ruby/lib/ruby/1.8/webrick/server.rb:95:in `start'
  c:/Ruby/lib/ruby/1.8/webrick/server.rb:92:in `each'
  c:/Ruby/lib/ruby/1.8/webrick/server.rb:92:in `start'
  c:/Ruby/lib/ruby/1.8/webrick/server.rb:23:in `start'
  c:/Ruby/lib/ruby/1.8/webrick/server.rb:82:in `start'
  -e:2:in `load'
  -e:2

Rendering rescues/layout (not_found)
  [4;36;1mSQL (0.0ms)[0m   [0;1m SELECT name
 FROM sqlite_master
 WHERE type = 'table' AND NOT name = 'sqlite_sequence'
[0m
  [4;35;1mSQL (0.0ms)[0m   [0mSELECT version FROM schema_migrations[0m
Migrating to CreateArticles (20090812200841)
Migrating to CreateUsers (20090812230228)
  [4;36;1mSQL (0.0ms)[0m   [0;1mselect sqlite_version(*)[0m
  [4;35;1mSQL (0.0ms)[0m   [0mCREATE TABLE "users" ("id" INTEGER PRIMARY KEY AUTOINCREMENT NOT NULL, "login" varchar(255), "password" varchar(255), "first_name" varchar(255), "last_name" varchar(255), "nic" varchar(255), "created_at" datetime, "updated_at" datetime) [0m
  [4;36;1mSQL (0.0ms)[0m   [0;1mINSERT INTO schema_migrations (version) VALUES ('20090812230228')[0m
  [4;35;1mSQL (0.0ms)[0m   [0m SELECT name
 FROM sqlite_master
 WHERE type = 'table' AND NOT name = 'sqlite_sequence'
[0m
  [4;36;1mSQL (0.0ms)[0m   [0;1mSELECT version FROM schema_migrations[0m
  [4;35;1mSQL (0.0ms)[0m   [0m SELECT name
 FROM sqlite_master
 WHERE type = 'table' AND NOT name = 'sqlite_sequence'
[0m
  [4;36;1mSQL (0.0ms)[0m   [0;1mPRAGMA index_list("articles")[0m
  [4;35;1mSQL (0.0ms)[0m   [0mPRAGMA index_list("users")[0m
  [4;36;1mSQL (15.0ms)[0m   [0;1m SELECT name
 FROM sqlite_master
 WHERE type = 'table' AND NOT name = 'sqlite_sequence'
[0m
  [4;35;1mSQL (0.0ms)[0m   [0mSELECT version FROM schema_migrations[0m
Migrating to CreateArticles (20090812200841)
Migrating to CreateUsers (20090812230228)
Migrating to CreateCategories (20090812230408)
  [4;36;1mSQL (0.0ms)[0m   [0;1mselect sqlite_version(*)[0m
  [4;35;1mSQL (0.0ms)[0m   [0mCREATE TABLE "categories" ("id" INTEGER PRIMARY KEY AUTOINCREMENT NOT NULL, "name" varchar(255), "created_at" datetime, "updated_at" datetime) [0m
  [4;36;1mSQL (0.0ms)[0m   [0;1mINSERT INTO schema_migrations (version) VALUES ('20090812230408')[0m
  [4;35;1mSQL (0.0ms)[0m   [0m SELECT name
 FROM sqlite_master
 WHERE type = 'table' AND NOT name = 'sqlite_sequence'
[0m
  [4;36;1mSQL (0.0ms)[0m   [0;1mSELECT version FROM schema_migrations[0m
  [4;35;1mSQL (0.0ms)[0m   [0m SELECT name
 FROM sqlite_master
 WHERE type = 'table' AND NOT name = 'sqlite_sequence'
[0m
  [4;36;1mSQL (0.0ms)[0m   [0;1mPRAGMA index_list("articles")[0m
  [4;35;1mSQL (0.0ms)[0m   [0mPRAGMA index_list("categories")[0m
  [4;36;1mSQL (0.0ms)[0m   [0;1mPRAGMA index_list("users")[0m


Processing CategoriesController#index (for 127.0.0.1 at 2009-08-12 16:04:58) [GET]
  [4;35;1mCategory Load (0.0ms)[0m   [0mSELECT * FROM "categories" [0m
Rendering template within layouts/categories
Rendering categories/index
Completed in 63ms (View: 47, DB: 0) | 200 OK [http://localhost/categories]


Processing CategoriesController#new (for 127.0.0.1 at 2009-08-12 16:05:00) [GET]
Rendering template within layouts/categories
Rendering categories/new
Completed in 78ms (View: 62, DB: 0) | 200 OK [http://localhost/categories/new]


Processing CategoriesController#create (for 127.0.0.1 at 2009-08-12 16:05:05) [POST]
  Parameters: {"category"=>{"name"=>"Ruby"}, "commit"=>"Create", "authenticity_token"=>"WhAY5xyIq8N9fSk0+5Wt1gQRgFGmvJ+cv+c1LK8araw="}
  [4;36;1mCategory Create (0.0ms)[0m   [0;1mINSERT INTO "categories" ("name", "updated_at", "created_at") VALUES('Ruby', '2009-08-12 23:05:05', '2009-08-12 23:05:05')[0m
Redirected to http://localhost:3000/categories/1
Completed in 125ms (DB: 0) | 302 Found [http://localhost/categories]


Processing CategoriesController#show (for 127.0.0.1 at 2009-08-12 16:05:05) [GET]
  Parameters: {"id"=>"1"}
  [4;35;1mCategory Load (0.0ms)[0m   [0mSELECT * FROM "categories" WHERE ("categories"."id" = 1) [0m
Rendering template within layouts/categories
Rendering categories/show
Completed in 47ms (View: 15, DB: 0) | 200 OK [http://localhost/categories/1]


Processing CategoriesController#index (for 127.0.0.1 at 2009-08-12 16:05:06) [GET]
  [4;36;1mCategory Load (0.0ms)[0m   [0;1mSELECT * FROM "categories" [0m
Rendering template within layouts/categories
Rendering categories/index
Completed in 47ms (View: 15, DB: 0) | 200 OK [http://localhost/categories]


Processing CategoriesController#index (for 127.0.0.1 at 2009-08-12 16:15:28) [GET]
  [4;35;1mCategory Load (0.0ms)[0m   [0mSELECT * FROM "categories" [0m
Rendering template within layouts/categories
Rendering categories/index
Completed in 110ms (View: 16, DB: 0) | 200 OK [http://localhost/categories]


Processing ArticlesController#index (for 127.0.0.1 at 2009-08-12 16:15:31) [GET]
  [4;36;1mArticle Load (0.0ms)[0m   [0;1mSELECT * FROM "articles" [0m
  [4;35;1mCategory Load (0.0ms)[0m   [0mSELECT * FROM "categories" [0m
Rendering template within layouts/articles
Rendering articles/index
Completed in 63ms (View: 32, DB: 0) | 200 OK [http://localhost/articles]


Processing ApplicationController#index (for 127.0.0.1 at 2009-08-12 16:15:31) [GET]

ActionController::RoutingError (No route matches "/stylesheets/_articles.css" with {:method=>:get}):
  c:/Ruby/lib/ruby/1.8/webrick/httpserver.rb:104:in `service'
  c:/Ruby/lib/ruby/1.8/webrick/httpserver.rb:65:in `run'
  c:/Ruby/lib/ruby/1.8/webrick/server.rb:173:in `start_thread'
  c:/Ruby/lib/ruby/1.8/webrick/server.rb:162:in `start'
  c:/Ruby/lib/ruby/1.8/webrick/server.rb:162:in `start_thread'
  c:/Ruby/lib/ruby/1.8/webrick/server.rb:95:in `start'
  c:/Ruby/lib/ruby/1.8/webrick/server.rb:92:in `each'
  c:/Ruby/lib/ruby/1.8/webrick/server.rb:92:in `start'
  c:/Ruby/lib/ruby/1.8/webrick/server.rb:23:in `start'
  c:/Ruby/lib/ruby/1.8/webrick/server.rb:82:in `start'
  -e:2:in `load'
  -e:2

Rendering rescues/layout (not_found)
  [4;35;1mCategory Load (15.0ms)[0m   [0mSELECT * FROM "categories" [0m


Processing ArticlesController#index (for 127.0.0.1 at 2009-08-12 16:19:20) [GET]
  [4;36;1mArticle Load (0.0ms)[0m   [0;1mSELECT * FROM "articles" [0m
  [4;35;1mCategory Load (0.0ms)[0m   [0mSELECT * FROM "categories" [0m
Rendering template within layouts/articles
Rendering articles/index
Completed in 78ms (View: 47, DB: 0) | 200 OK [http://localhost/articles]


Processing ApplicationController#index (for 127.0.0.1 at 2009-08-12 16:19:21) [GET]

ActionController::RoutingError (No route matches "/stylesheets/_articles.css" with {:method=>:get}):
  c:/Ruby/lib/ruby/1.8/webrick/httpserver.rb:104:in `service'
  c:/Ruby/lib/ruby/1.8/webrick/httpserver.rb:65:in `run'
  c:/Ruby/lib/ruby/1.8/webrick/server.rb:173:in `start_thread'
  c:/Ruby/lib/ruby/1.8/webrick/server.rb:162:in `start'
  c:/Ruby/lib/ruby/1.8/webrick/server.rb:162:in `start_thread'
  c:/Ruby/lib/ruby/1.8/webrick/server.rb:95:in `start'
  c:/Ruby/lib/ruby/1.8/webrick/server.rb:92:in `each'
  c:/Ruby/lib/ruby/1.8/webrick/server.rb:92:in `start'
  c:/Ruby/lib/ruby/1.8/webrick/server.rb:23:in `start'
  c:/Ruby/lib/ruby/1.8/webrick/server.rb:82:in `start'
  -e:2:in `load'
  -e:2

Rendering rescues/layout (not_found)


Processing ArticlesController#index (for 127.0.0.1 at 2009-08-12 16:34:52) [GET]
  [4;36;1mArticle Load (0.0ms)[0m   [0;1mSELECT * FROM "articles" [0m
  [4;35;1mCategory Load (0.0ms)[0m   [0mSELECT * FROM "categories" [0m
Rendering template within layouts/articles
Rendering articles/index
Completed in 109ms (View: 78, DB: 0) | 200 OK [http://localhost/articles]


Processing CategoriesController#show (for 127.0.0.1 at 2009-08-12 16:34:58) [GET]
  Parameters: {"id"=>"1"}
  [4;36;1mCategory Load (0.0ms)[0m   [0;1mSELECT * FROM "categories" WHERE ("categories"."id" = 1) [0m
Rendering template within layouts/categories
Rendering categories/show
Completed in 31ms (View: 15, DB: 0) | 200 OK [http://localhost/categories/1]


Processing ArticlesController#index (for 127.0.0.1 at 2009-08-12 16:53:58) [GET]
  [4;35;1mArticle Load (0.0ms)[0m   [0mSELECT * FROM "articles" [0m
  [4;36;1mCategory Load (0.0ms)[0m   [0;1mSELECT * FROM "categories" [0m
Rendering template within layouts/articles
Rendering articles/index
Completed in 94ms (View: 63, DB: 0) | 200 OK [http://localhost/articles]


Processing ArticlesController#index (for 127.0.0.1 at 2009-08-12 16:55:10) [GET]
  [4;35;1mArticle Load (0.0ms)[0m   [0mSELECT * FROM "articles" [0m
  [4;36;1mCategory Load (0.0ms)[0m   [0;1mSELECT * FROM "categories" [0m
Rendering template within layouts/articles
Rendering articles/index
Completed in 266ms (View: 234, DB: 0) | 200 OK [http://localhost/articles]


Processing ArticlesController#index (for 127.0.0.1 at 2009-08-13 16:15:59) [GET]
  [4;36;1mArticle Load (16.0ms)[0m   [0;1mSELECT * FROM "articles" [0m
  [4;35;1mCategory Load (0.0ms)[0m   [0mSELECT * FROM "categories" [0m
Rendering template within layouts/articles
Rendering articles/index
Completed in 3187ms (View: 2843, DB: 16) | 200 OK [http://localhost/articles]


Processing ArticlesController#index (for 127.0.0.1 at 2009-08-13 16:16:43) [GET]
  [4;36;1mArticle Load (0.0ms)[0m   [0;1mSELECT * FROM "articles" [0m
  [4;35;1mCategory Load (0.0ms)[0m   [0mSELECT * FROM "categories" [0m
Rendering template within layouts/articles
Rendering articles/index
Completed in 109ms (View: 47, DB: 0) | 200 OK [http://localhost/articles]


Processing CategoriesController#index (for 127.0.0.1 at 2009-08-13 16:17:04) [GET]
  [4;36;1mCategory Load (0.0ms)[0m   [0;1mSELECT * FROM "categories" [0m
Rendering template within layouts/categories
Rendering categories/index
Completed in 282ms (View: 266, DB: 0) | 200 OK [http://localhost/categories]


Processing CategoriesController#new (for 127.0.0.1 at 2009-08-13 16:17:07) [GET]
Rendering template within layouts/categories
Rendering categories/new
Completed in 63ms (View: 32, DB: 0) | 200 OK [http://localhost/categories/new]


Processing CategoriesController#create (for 127.0.0.1 at 2009-08-13 16:17:11) [POST]
  Parameters: {"category"=>{"name"=>"Java"}, "commit"=>"Create", "authenticity_token"=>"ejqGLcGFKw6NT5jBxvxtykQjoRjF4pzVA8TRkJwQE2M="}
  [4;35;1mCategory Create (15.0ms)[0m   [0mINSERT INTO "categories" ("name", "updated_at", "created_at") VALUES('Java', '2009-08-13 23:17:11', '2009-08-13 23:17:11')[0m
Redirected to http://localhost:3000/categories/2
Completed in 282ms (DB: 15) | 302 Found [http://localhost/categories]


Processing CategoriesController#show (for 127.0.0.1 at 2009-08-13 16:17:12) [GET]
  Parameters: {"id"=>"2"}
  [4;36;1mCategory Load (0.0ms)[0m   [0;1mSELECT * FROM "categories" WHERE ("categories"."id" = 2) [0m
Rendering template within layouts/categories
Rendering categories/show
Completed in 62ms (View: 31, DB: 0) | 200 OK [http://localhost/categories/2]


Processing ArticlesController#index (for 127.0.0.1 at 2009-08-13 16:17:19) [GET]
  [4;35;1mArticle Load (0.0ms)[0m   [0mSELECT * FROM "articles" [0m
  [4;36;1mCategory Load (0.0ms)[0m   [0;1mSELECT * FROM "categories" [0m
Rendering template within layouts/articles
Rendering articles/index
Completed in 63ms (View: 31, DB: 0) | 200 OK [http://localhost/articles]


Processing CategoriesController#show (for 127.0.0.1 at 2009-08-13 16:17:22) [GET]
  Parameters: {"id"=>"2"}
  [4;35;1mCategory Load (0.0ms)[0m   [0mSELECT * FROM "categories" WHERE ("categories"."id" = 2) [0m
Rendering template within layouts/categories
Rendering categories/show
Completed in 31ms (View: 16, DB: 0) | 200 OK [http://localhost/categories/2]


Processing CategoriesController#index (for 127.0.0.1 at 2009-08-13 16:17:24) [GET]
  [4;36;1mCategory Load (0.0ms)[0m   [0;1mSELECT * FROM "categories" [0m
Rendering template within layouts/categories
Rendering categories/index
Completed in 63ms (View: 16, DB: 0) | 200 OK [http://localhost/categories]


Processing CategoriesController#new (for 127.0.0.1 at 2009-08-13 16:17:49) [GET]
Rendering template within layouts/categories
Rendering categories/new
Completed in 250ms (View: 16, DB: 0) | 200 OK [http://localhost/categories/new]


Processing CategoriesController#create (for 127.0.0.1 at 2009-08-13 16:17:54) [POST]
  Parameters: {"category"=>{"name"=>"Other"}, "commit"=>"Create", "authenticity_token"=>"ejqGLcGFKw6NT5jBxvxtykQjoRjF4pzVA8TRkJwQE2M="}
  [4;35;1mCategory Create (0.0ms)[0m   [0mINSERT INTO "categories" ("name", "updated_at", "created_at") VALUES('Other', '2009-08-13 23:17:54', '2009-08-13 23:17:54')[0m
Redirected to http://localhost:3000/categories/3
Completed in 125ms (DB: 0) | 302 Found [http://localhost/categories]


Processing CategoriesController#show (for 127.0.0.1 at 2009-08-13 16:17:54) [GET]
  Parameters: {"id"=>"3"}
  [4;36;1mCategory Load (0.0ms)[0m   [0;1mSELECT * FROM "categories" WHERE ("categories"."id" = 3) [0m
Rendering template within layouts/categories
Rendering categories/show
Completed in 31ms (View: 0, DB: 0) | 200 OK [http://localhost/categories/3]


Processing CategoriesController#index (for 127.0.0.1 at 2009-08-13 16:17:58) [GET]
  [4;35;1mCategory Load (0.0ms)[0m   [0mSELECT * FROM "categories" [0m
Rendering template within layouts/categories
Rendering categories/index
Completed in 47ms (View: 31, DB: 0) | 200 OK [http://localhost/categories]


Processing CategoriesController#new (for 127.0.0.1 at 2009-08-13 16:18:03) [GET]
Rendering template within layouts/categories
Rendering categories/new
Completed in 31ms (View: 0, DB: 0) | 200 OK [http://localhost/categories/new]


Processing UsersController#index (for 127.0.0.1 at 2009-08-16 13:42:46) [GET]
  [4;36;1mUser Load (0.0ms)[0m   [0;1mSELECT * FROM "users" [0m
Rendering template within layouts/users
Rendering users/index
Completed in 2093ms (View: 2078, DB: 0) | 200 OK [http://localhost/users]


Processing ArticlesController#index (for 127.0.0.1 at 2009-08-16 13:42:54) [GET]
  [4;35;1mArticle Load (0.0ms)[0m   [0mSELECT * FROM "articles" [0m
  [4;36;1mCategory Load (0.0ms)[0m   [0;1mSELECT * FROM "categories" [0m
Rendering template within layouts/articles
Rendering articles/index
Completed in 469ms (View: 328, DB: 0) | 200 OK [http://localhost/articles]
  [4;36;1mSQL (0.0ms)[0m   [0;1m SELECT name
 FROM sqlite_master
 WHERE type = 'table' AND NOT name = 'sqlite_sequence'
[0m
  [4;35;1mSQL (0.0ms)[0m   [0mSELECT version FROM schema_migrations[0m
Migrating to CreateArticles (20090812200841)
Migrating to CreateUsers (20090812230228)
Migrating to CreateCategories (20090812230408)
Migrating to CreateComments (20090816210027)
  [4;36;1mSQL (0.0ms)[0m   [0;1mselect sqlite_version(*)[0m
  [4;35;1mSQL (0.0ms)[0m   [0mCREATE TABLE "comments" ("id" INTEGER PRIMARY KEY AUTOINCREMENT NOT NULL, "body" text, "article_id" integer, "created_at" datetime, "updated_at" datetime) [0m
  [4;36;1mSQL (0.0ms)[0m   [0;1mINSERT INTO schema_migrations (version) VALUES ('20090816210027')[0m
  [4;35;1mSQL (0.0ms)[0m   [0m SELECT name
 FROM sqlite_master
 WHERE type = 'table' AND NOT name = 'sqlite_sequence'
[0m
  [4;36;1mSQL (0.0ms)[0m   [0;1mSELECT version FROM schema_migrations[0m
  [4;35;1mSQL (0.0ms)[0m   [0m SELECT name
 FROM sqlite_master
 WHERE type = 'table' AND NOT name = 'sqlite_sequence'
[0m
  [4;36;1mSQL (0.0ms)[0m   [0;1mPRAGMA index_list("articles")[0m
  [4;35;1mSQL (0.0ms)[0m   [0mPRAGMA index_list("categories")[0m
  [4;36;1mSQL (0.0ms)[0m   [0;1mPRAGMA index_list("comments")[0m
  [4;35;1mSQL (0.0ms)[0m   [0mPRAGMA index_list("users")[0m


Processing ArticlesController#index (for 127.0.0.1 at 2009-08-16 14:07:55) [GET]
  [4;35;1mArticle Load (0.0ms)[0m   [0mSELECT * FROM "articles" [0m
  [4;36;1mCategory Load (0.0ms)[0m   [0;1mSELECT * FROM "categories" [0m
Rendering template within layouts/articles
Rendering articles/index
Completed in 94ms (View: 31, DB: 0) | 200 OK [http://localhost/articles]


Processing ArticlesController#index (for 127.0.0.1 at 2009-08-16 14:07:55) [GET]
  [4;35;1mArticle Load (0.0ms)[0m   [0mSELECT * FROM "articles" [0m
  [4;36;1mCategory Load (0.0ms)[0m   [0;1mSELECT * FROM "categories" [0m
Rendering template within layouts/articles
Rendering articles/index
Completed in 47ms (View: 16, DB: 0) | 200 OK [http://localhost/articles]


Processing ArticlesController#index (for 127.0.0.1 at 2009-08-16 14:07:55) [GET]
  [4;35;1mArticle Load (0.0ms)[0m   [0mSELECT * FROM "articles" [0m
  [4;36;1mCategory Load (0.0ms)[0m   [0;1mSELECT * FROM "categories" [0m
Rendering template within layouts/articles
Rendering articles/index
Completed in 234ms (View: 187, DB: 0) | 200 OK [http://localhost/articles]


Processing ArticlesController#index (for 127.0.0.1 at 2009-08-16 14:07:56) [GET]
  [4;35;1mArticle Load (0.0ms)[0m   [0mSELECT * FROM "articles" [0m
  [4;36;1mCategory Load (0.0ms)[0m   [0;1mSELECT * FROM "categories" [0m
Rendering template within layouts/articles
Rendering articles/index
Completed in 31ms (View: 0, DB: 0) | 200 OK [http://localhost/articles]


Processing ArticlesController#index (for 127.0.0.1 at 2009-08-16 14:07:56) [GET]
  [4;35;1mArticle Load (0.0ms)[0m   [0mSELECT * FROM "articles" [0m
  [4;36;1mCategory Load (0.0ms)[0m   [0;1mSELECT * FROM "categories" [0m
Rendering template within layouts/articles
Rendering articles/index
Completed in 47ms (View: 16, DB: 0) | 200 OK [http://localhost/articles]


Processing CategoriesController#show (for 127.0.0.1 at 2009-08-16 14:08:01) [GET]
  Parameters: {"id"=>"1"}
  [4;35;1mCategory Load (0.0ms)[0m   [0mSELECT * FROM "categories" WHERE ("categories"."id" = 1) [0m
Rendering template within layouts/categories
Rendering categories/show
Completed in 62ms (View: 31, DB: 0) | 200 OK [http://localhost/categories/1]


Processing CategoriesController#index (for 127.0.0.1 at 2009-08-16 14:08:03) [GET]
  [4;36;1mCategory Load (0.0ms)[0m   [0;1mSELECT * FROM "categories" [0m
Rendering template within layouts/categories
Rendering categories/index
Completed in 63ms (View: 32, DB: 0) | 200 OK [http://localhost/categories]


Processing CategoriesController#show (for 127.0.0.1 at 2009-08-16 14:08:09) [GET]
  Parameters: {"id"=>"1"}
  [4;35;1mCategory Load (0.0ms)[0m   [0mSELECT * FROM "categories" WHERE ("categories"."id" = 1) [0m
Rendering template within layouts/categories
Rendering categories/show
Completed in 31ms (View: 15, DB: 0) | 200 OK [http://localhost/categories/1]


Processing ArticlesController#index (for 127.0.0.1 at 2009-08-16 14:08:09) [GET]
  [4;36;1mArticle Load (0.0ms)[0m   [0;1mSELECT * FROM "articles" [0m
  [4;35;1mCategory Load (0.0ms)[0m   [0mSELECT * FROM "categories" [0m
Rendering template within layouts/articles
Rendering articles/index
Completed in 47ms (View: 16, DB: 0) | 200 OK [http://localhost/articles]


Processing ArticlesController#show (for 127.0.0.1 at 2009-08-16 14:08:17) [GET]
  Parameters: {"id"=>"1"}
  [4;36;1mArticle Load (0.0ms)[0m   [0;1mSELECT * FROM "articles" WHERE ("articles"."id" = 1) [0m
Rendering template within layouts/articles
Rendering articles/show
Completed in 235ms (View: 157, DB: 0) | 200 OK [http://localhost/articles/1]


Processing ArticlesController#show (for 127.0.0.1 at 2009-08-16 14:09:24) [GET]
  Parameters: {"id"=>"1"}
  [4;35;1mArticle Load (0.0ms)[0m   [0mSELECT * FROM "articles" WHERE ("articles"."id" = 1) [0m
Rendering template within layouts/articles
Rendering articles/show
Completed in 78ms (View: 46, DB: 0) | 200 OK [http://localhost/articles/1]


Processing ArticlesController#index (for 127.0.0.1 at 2009-08-16 14:09:34) [GET]
  [4;36;1mArticle Load (0.0ms)[0m   [0;1mSELECT * FROM "articles" [0m
  [4;35;1mCategory Load (0.0ms)[0m   [0mSELECT * FROM "categories" [0m
Rendering template within layouts/articles
Rendering articles/index
Completed in 31ms (View: 0, DB: 0) | 200 OK [http://localhost/articles]


Processing CommentsController#index (for 127.0.0.1 at 2009-08-16 14:13:50) [GET]
  [4;36;1mComment Load (0.0ms)[0m   [0;1mSELECT * FROM "comments" [0m
Rendering template within layouts/comments
Rendering comments/index
Completed in 78ms (View: 47, DB: 0) | 200 OK [http://localhost/comments]


Processing ArticlesController#index (for 127.0.0.1 at 2009-08-16 14:13:55) [GET]
  [4;35;1mArticle Load (0.0ms)[0m   [0mSELECT * FROM "articles" [0m
  [4;36;1mCategory Load (0.0ms)[0m   [0;1mSELECT * FROM "categories" [0m
Rendering template within layouts/articles
Rendering articles/index
Completed in 79ms (View: 32, DB: 0) | 200 OK [http://localhost/articles]


Processing ArticlesController#show (for 127.0.0.1 at 2009-08-16 14:14:01) [GET]
  Parameters: {"id"=>"1"}
  [4;35;1mArticle Load (0.0ms)[0m   [0mSELECT * FROM "articles" WHERE ("articles"."id" = 1) [0m
Rendering template within layouts/articles
Rendering articles/show
Completed in 31ms (View: 0, DB: 0) | 200 OK [http://localhost/articles/1]


Processing UsersController#index (for 127.0.0.1 at 2009-08-16 14:20:17) [GET]
  [4;36;1mUser Load (0.0ms)[0m   [0;1mSELECT * FROM "users" [0m
Rendering template within layouts/users
Rendering users/index
Completed in 15ms (View: 15, DB: 0) | 200 OK [http://localhost/users]


Processing UsersController#new (for 127.0.0.1 at 2009-08-16 14:20:22) [GET]
Rendering template within layouts/users
Rendering users/new
Completed in 63ms (View: 32, DB: 0) | 200 OK [http://localhost/users/new]


Processing UsersController#index (for 127.0.0.1 at 2009-08-16 14:20:26) [GET]
  [4;35;1mUser Load (0.0ms)[0m   [0mSELECT * FROM "users" [0m
Rendering template within layouts/users
Rendering users/index
Completed in 31ms (View: 16, DB: 0) | 200 OK [http://localhost/users]


Processing ArticlesController#show (for 127.0.0.1 at 2009-08-16 14:20:27) [GET]
  Parameters: {"id"=>"1"}
  [4;36;1mArticle Load (0.0ms)[0m   [0;1mSELECT * FROM "articles" WHERE ("articles"."id" = 1) [0m
Rendering template within layouts/articles
Rendering articles/show
Completed in 94ms (View: 31, DB: 0) | 200 OK [http://localhost/articles/1]


Processing ArticlesController#show (for 127.0.0.1 at 2009-08-16 14:29:39) [GET]
  Parameters: {"id"=>"1"}
  [4;35;1mArticle Load (0.0ms)[0m   [0mSELECT * FROM "articles" WHERE ("articles"."id" = 1) [0m
Rendering template within layouts/articles
Rendering articles/show
Completed in 266ms (View: 125, DB: 0) | 200 OK [http://localhost/articles/1]


Processing CommentsController#create (for 127.0.0.1 at 2009-08-16 14:30:13) [POST]
  Parameters: {"commit"=>"Create", "authenticity_token"=>"FwpJLpjerWEDXUfmDRHFW+VnYo1g2jEjnj+yhxyITB4=", "comment"=>{"body"=>"test", "article_id"=>"1"}}
  [4;36;1mComment Create (0.0ms)[0m   [0;1mINSERT INTO "comments" ("updated_at", "body", "article_id", "created_at") VALUES('2009-08-16 21:30:13', 'test', 1, '2009-08-16 21:30:13')[0m
Redirected to http://localhost:3000/comments/1
Completed in 250ms (DB: 0) | 302 Found [http://localhost/comments]


Processing CommentsController#show (for 127.0.0.1 at 2009-08-16 14:30:13) [GET]
  Parameters: {"id"=>"1"}
  [4;35;1mComment Load (0.0ms)[0m   [0mSELECT * FROM "comments" WHERE ("comments"."id" = 1) [0m
Rendering template within layouts/comments
Rendering comments/show
Completed in 31ms (View: 15, DB: 0) | 200 OK [http://localhost/comments/1]


Processing CommentsController#index (for 127.0.0.1 at 2009-08-16 14:30:38) [GET]
  [4;36;1mComment Load (0.0ms)[0m   [0;1mSELECT * FROM "comments" [0m
Rendering template within layouts/comments
Rendering comments/index
Completed in 47ms (View: 15, DB: 0) | 200 OK [http://localhost/comments]


Processing CommentsController#show (for 127.0.0.1 at 2009-08-16 14:30:40) [GET]
  Parameters: {"id"=>"1"}
  [4;35;1mComment Load (0.0ms)[0m   [0mSELECT * FROM "comments" WHERE ("comments"."id" = 1) [0m
Rendering template within layouts/comments
Rendering comments/show
Completed in 32ms (View: 16, DB: 0) | 200 OK [http://localhost/comments/1]


Processing CommentsController#index (for 127.0.0.1 at 2009-08-16 14:30:42) [GET]
  [4;36;1mComment Load (0.0ms)[0m   [0;1mSELECT * FROM "comments" [0m
Rendering template within layouts/comments
Rendering comments/index
Completed in 31ms (View: 15, DB: 0) | 200 OK [http://localhost/comments]


Processing ArticlesController#show (for 127.0.0.1 at 2009-08-16 14:30:53) [GET]
  Parameters: {"id"=>"1"}
  [4;35;1mArticle Load (0.0ms)[0m   [0mSELECT * FROM "articles" WHERE ("articles"."id" = 1) [0m
Rendering template within layouts/articles
Rendering articles/show
Completed in 47ms (View: 31, DB: 0) | 200 OK [http://localhost/articles/1]


Processing ArticlesController#show (for 127.0.0.1 at 2009-08-16 14:32:09) [GET]
  Parameters: {"id"=>"1"}
  [4;36;1mArticle Load (0.0ms)[0m   [0;1mSELECT * FROM "articles" WHERE ("articles"."id" = 1) [0m
Rendering template within layouts/articles
Rendering articles/show
Completed in 94ms (View: 63, DB: 0) | 200 OK [http://localhost/articles/1]


Processing ArticlesController#show (for 127.0.0.1 at 2009-08-16 14:32:57) [GET]
  Parameters: {"id"=>"1"}
  [4;35;1mArticle Load (0.0ms)[0m   [0mSELECT * FROM "articles" WHERE ("articles"."id" = 1) [0m
Rendering template within layouts/articles
Rendering articles/show
Completed in 266ms (View: 32, DB: 0) | 200 OK [http://localhost/articles/1]


Processing CommentsController#create (for 127.0.0.1 at 2009-08-16 14:33:11) [POST]
  Parameters: {"commit"=>"Create", "authenticity_token"=>"FwpJLpjerWEDXUfmDRHFW+VnYo1g2jEjnj+yhxyITB4=", "comment"=>{"body"=>"new comment12"}}
  [4;36;1mComment Create (0.0ms)[0m   [0;1mINSERT INTO "comments" ("updated_at", "body", "article_id", "created_at") VALUES('2009-08-16 21:33:11', 'new comment12', NULL, '2009-08-16 21:33:11')[0m
Redirected to http://localhost:3000/comments/2
Completed in 93ms (DB: 0) | 302 Found [http://localhost/comments]


Processing CommentsController#show (for 127.0.0.1 at 2009-08-16 14:33:11) [GET]
  Parameters: {"id"=>"2"}
  [4;35;1mComment Load (0.0ms)[0m   [0mSELECT * FROM "comments" WHERE ("comments"."id" = 2) [0m
Rendering template within layouts/comments
Rendering comments/show
Completed in 15ms (View: 0, DB: 0) | 200 OK [http://localhost/comments/2]
  [4;36;1mComment Load (0.0ms)[0m   [0;1mSELECT * FROM "comments" [0m


Processing ArticlesController#show (for 127.0.0.1 at 2009-08-16 14:35:47) [GET]
  Parameters: {"id"=>"1"}
  [4;36;1mArticle Load (0.0ms)[0m   [0;1mSELECT * FROM "articles" WHERE ("articles"."id" = 1) [0m
Rendering template within layouts/articles
Rendering articles/show
Completed in 47ms (View: 16, DB: 0) | 200 OK [http://localhost/articles/1]


Processing ArticlesController#show (for 127.0.0.1 at 2009-08-16 14:36:00) [GET]
  Parameters: {"id"=>"1"}
  [4;35;1mArticle Load (0.0ms)[0m   [0mSELECT * FROM "articles" WHERE ("articles"."id" = 1) [0m
Rendering template within layouts/articles
Rendering articles/show

ActionView::TemplateError (undefined method `hidden_field_tag' for #<ActionView::Helpers::FormBuilder:0x46a8a5c>) on line #26 of app/views/articles/show.html.erb:
23:     <%= f.text_area :body %>
24:   </p>
25:   <p>
26:     <%= f.hidden_field_tag :article_id %>
27:   </p>
28:   <p>
29:     <%= f.submit 'Create' %>

    app/views/articles/show.html.erb:26
    app/views/articles/show.html.erb:18
    app/controllers/articles_controller.rb:18:in `show'
    C:/Ruby/lib/ruby/1.8/webrick/httpserver.rb:104:in `service'
    C:/Ruby/lib/ruby/1.8/webrick/httpserver.rb:65:in `run'
    C:/Ruby/lib/ruby/1.8/webrick/server.rb:173:in `start_thread'
    C:/Ruby/lib/ruby/1.8/webrick/server.rb:162:in `start'
    C:/Ruby/lib/ruby/1.8/webrick/server.rb:162:in `start_thread'
    C:/Ruby/lib/ruby/1.8/webrick/server.rb:95:in `start'
    C:/Ruby/lib/ruby/1.8/webrick/server.rb:92:in `each'
    C:/Ruby/lib/ruby/1.8/webrick/server.rb:92:in `start'
    C:/Ruby/lib/ruby/1.8/webrick/server.rb:23:in `start'
    C:/Ruby/lib/ruby/1.8/webrick/server.rb:82:in `start'
    -e:2:in `load'
    -e:2

Rendered rescues/_trace (219.0ms)
Rendered rescues/_request_and_response (0.0ms)
Rendering rescues/layout (internal_server_error)


Processing ArticlesController#show (for 127.0.0.1 at 2009-08-16 14:37:11) [GET]
  Parameters: {"id"=>"1"}
  [4;36;1mArticle Load (0.0ms)[0m   [0;1mSELECT * FROM "articles" WHERE ("articles"."id" = 1) [0m
Rendering template within layouts/articles
Rendering articles/show
Completed in 94ms (View: 62, DB: 0) | 200 OK [http://localhost/articles/1]


Processing CommentsController#create (for 127.0.0.1 at 2009-08-16 14:37:18) [POST]
  Parameters: {"commit"=>"Create", "authenticity_token"=>"FwpJLpjerWEDXUfmDRHFW+VnYo1g2jEjnj+yhxyITB4=", "comment"=>{"body"=>"sdfdsfsdf", "article_id"=>""}}
  [4;35;1mComment Create (0.0ms)[0m   [0mINSERT INTO "comments" ("updated_at", "body", "article_id", "created_at") VALUES('2009-08-16 21:37:18', 'sdfdsfsdf', NULL, '2009-08-16 21:37:18')[0m
Redirected to http://localhost:3000/comments/3
Completed in 94ms (DB: 0) | 302 Found [http://localhost/comments]


Processing CommentsController#show (for 127.0.0.1 at 2009-08-16 14:37:18) [GET]
  Parameters: {"id"=>"3"}
  [4;36;1mComment Load (0.0ms)[0m   [0;1mSELECT * FROM "comments" WHERE ("comments"."id" = 3) [0m
Rendering template within layouts/comments
Rendering comments/show
Completed in 15ms (View: 0, DB: 0) | 200 OK [http://localhost/comments/3]
  [4;35;1mComment Load (0.0ms)[0m   [0mSELECT * FROM "comments" [0m


Processing ArticlesController#show (for 127.0.0.1 at 2009-08-16 14:40:53) [GET]
  Parameters: {"id"=>"1"}
  [4;35;1mArticle Load (16.0ms)[0m   [0mSELECT * FROM "articles" WHERE ("articles"."id" = 1) [0m
Rendering template within layouts/articles
Rendering articles/show
Completed in 94ms (View: 47, DB: 16) | 200 OK [http://localhost/articles/1]


Processing ArticlesController#show (for 127.0.0.1 at 2009-08-16 14:43:11) [GET]
  Parameters: {"id"=>"1"}
  [4;36;1mArticle Load (15.0ms)[0m   [0;1mSELECT * FROM "articles" WHERE ("articles"."id" = 1) [0m
Rendering template within layouts/articles
Rendering articles/show

ActionView::TemplateError (You have a nil object when you didn't expect it!
The error occurred while evaluating nil.comments) on line #19 of app/views/articles/show.html.erb:
16: <br>
17: <hr>
18: 
19: <% @articles.comments.each do |comment| %>
20:   <tr>
21:     <td><%=h comment.body %></td>
22:     <td><%=h comment.article_id %></td>

    app/views/articles/show.html.erb:19
    app/controllers/articles_controller.rb:17:in `show'
    C:/Ruby/lib/ruby/1.8/webrick/httpserver.rb:104:in `service'
    C:/Ruby/lib/ruby/1.8/webrick/httpserver.rb:65:in `run'
    C:/Ruby/lib/ruby/1.8/webrick/server.rb:173:in `start_thread'
    C:/Ruby/lib/ruby/1.8/webrick/server.rb:162:in `start'
    C:/Ruby/lib/ruby/1.8/webrick/server.rb:162:in `start_thread'
    C:/Ruby/lib/ruby/1.8/webrick/server.rb:95:in `start'
    C:/Ruby/lib/ruby/1.8/webrick/server.rb:92:in `each'
    C:/Ruby/lib/ruby/1.8/webrick/server.rb:92:in `start'
    C:/Ruby/lib/ruby/1.8/webrick/server.rb:23:in `start'
    C:/Ruby/lib/ruby/1.8/webrick/server.rb:82:in `start'
    -e:2:in `load'
    -e:2

Rendered rescues/_trace (219.0ms)
Rendered rescues/_request_and_response (0.0ms)
Rendering rescues/layout (internal_server_error)


Processing CommentsController#show (for 127.0.0.1 at 2009-08-16 14:43:46) [GET]
  Parameters: {"id"=>"2"}
  [4;35;1mComment Load (0.0ms)[0m   [0mSELECT * FROM "comments" WHERE ("comments"."id" = 2) [0m
Rendering template within layouts/comments
Rendering comments/show
Completed in 31ms (View: 16, DB: 0) | 200 OK [http://localhost/comments/2]


Processing CommentsController#index (for 127.0.0.1 at 2009-08-16 14:43:50) [GET]
  [4;36;1mComment Load (0.0ms)[0m   [0;1mSELECT * FROM "comments" [0m
Rendering template within layouts/comments
Rendering comments/index
Completed in 31ms (View: 0, DB: 0) | 200 OK [http://localhost/comments]


Processing CommentsController#destroy (for 127.0.0.1 at 2009-08-16 14:43:57) [DELETE]
  Parameters: {"authenticity_token"=>"FwpJLpjerWEDXUfmDRHFW+VnYo1g2jEjnj+yhxyITB4=", "id"=>"2"}
  [4;35;1mComment Load (0.0ms)[0m   [0mSELECT * FROM "comments" WHERE ("comments"."id" = 2) [0m
  [4;36;1mComment Destroy (0.0ms)[0m   [0;1mDELETE FROM "comments" WHERE "id" = 2[0m
Redirected to http://localhost:3000/comments
Completed in 141ms (DB: 0) | 302 Found [http://localhost/comments/2]


Processing CommentsController#index (for 127.0.0.1 at 2009-08-16 14:43:57) [GET]
  [4;35;1mComment Load (0.0ms)[0m   [0mSELECT * FROM "comments" [0m
Rendering template within layouts/comments
Rendering comments/index
Completed in 16ms (View: 0, DB: 0) | 200 OK [http://localhost/comments]


Processing CommentsController#destroy (for 127.0.0.1 at 2009-08-16 14:44:24) [DELETE]
  Parameters: {"authenticity_token"=>"FwpJLpjerWEDXUfmDRHFW+VnYo1g2jEjnj+yhxyITB4=", "id"=>"3"}
  [4;36;1mComment Load (0.0ms)[0m   [0;1mSELECT * FROM "comments" WHERE ("comments"."id" = 3) [0m
  [4;35;1mComment Destroy (0.0ms)[0m   [0mDELETE FROM "comments" WHERE "id" = 3[0m
Redirected to http://localhost:3000/comments
Completed in 125ms (DB: 0) | 302 Found [http://localhost/comments/3]


Processing CommentsController#index (for 127.0.0.1 at 2009-08-16 14:44:24) [GET]
  [4;36;1mComment Load (0.0ms)[0m   [0;1mSELECT * FROM "comments" [0m
Rendering template within layouts/comments
Rendering comments/index
Completed in 16ms (View: 0, DB: 0) | 200 OK [http://localhost/comments]


Processing ArticlesController#show (for 127.0.0.1 at 2009-08-16 14:44:37) [GET]
  Parameters: {"id"=>"1"}
  [4;35;1mArticle Load (0.0ms)[0m   [0mSELECT * FROM "articles" WHERE ("articles"."id" = 1) [0m
Rendering template within layouts/articles
Rendering articles/show

ActionView::TemplateError (You have a nil object when you didn't expect it!
The error occurred while evaluating nil.comments) on line #19 of app/views/articles/show.html.erb:
16: <br>
17: <hr>
18: 
19: <% @articles.comments.each do |comment| %>
20:   <tr>
21:     <td><%=h comment.body %></td>
22:     <td><%=h comment.article_id %></td>

    app/views/articles/show.html.erb:19
    app/controllers/articles_controller.rb:17:in `show'
    C:/Ruby/lib/ruby/1.8/webrick/httpserver.rb:104:in `service'
    C:/Ruby/lib/ruby/1.8/webrick/httpserver.rb:65:in `run'
    C:/Ruby/lib/ruby/1.8/webrick/server.rb:173:in `start_thread'
    C:/Ruby/lib/ruby/1.8/webrick/server.rb:162:in `start'
    C:/Ruby/lib/ruby/1.8/webrick/server.rb:162:in `start_thread'
    C:/Ruby/lib/ruby/1.8/webrick/server.rb:95:in `start'
    C:/Ruby/lib/ruby/1.8/webrick/server.rb:92:in `each'
    C:/Ruby/lib/ruby/1.8/webrick/server.rb:92:in `start'
    C:/Ruby/lib/ruby/1.8/webrick/server.rb:23:in `start'
    C:/Ruby/lib/ruby/1.8/webrick/server.rb:82:in `start'
    -e:2:in `load'
    -e:2

Rendered rescues/_trace (219.0ms)
Rendered rescues/_request_and_response (0.0ms)
Rendering rescues/layout (internal_server_error)


Processing ArticlesController#show (for 127.0.0.1 at 2009-08-16 14:46:09) [GET]
  Parameters: {"id"=>"1"}
  [4;36;1mArticle Load (0.0ms)[0m   [0;1mSELECT * FROM "articles" WHERE ("articles"."id" = 1) [0m
Rendering template within layouts/articles
Rendering articles/show

ActionView::TemplateError (You have a nil object when you didn't expect it!
The error occurred while evaluating nil.comments) on line #19 of app/views/articles/show.html.erb:
16: <br>
17: <hr>
18: 
19: <% @articles.comments.each do |comment| %>
20:   <tr>
21:     <p>sdfdsfsdfsd</p>
22:   </tr>

    app/views/articles/show.html.erb:19
    app/controllers/articles_controller.rb:17:in `show'
    C:/Ruby/lib/ruby/1.8/webrick/httpserver.rb:104:in `service'
    C:/Ruby/lib/ruby/1.8/webrick/httpserver.rb:65:in `run'
    C:/Ruby/lib/ruby/1.8/webrick/server.rb:173:in `start_thread'
    C:/Ruby/lib/ruby/1.8/webrick/server.rb:162:in `start'
    C:/Ruby/lib/ruby/1.8/webrick/server.rb:162:in `start_thread'
    C:/Ruby/lib/ruby/1.8/webrick/server.rb:95:in `start'
    C:/Ruby/lib/ruby/1.8/webrick/server.rb:92:in `each'
    C:/Ruby/lib/ruby/1.8/webrick/server.rb:92:in `start'
    C:/Ruby/lib/ruby/1.8/webrick/server.rb:23:in `start'
    C:/Ruby/lib/ruby/1.8/webrick/server.rb:82:in `start'
    -e:2:in `load'
    -e:2

Rendered rescues/_trace (78.0ms)
Rendered rescues/_request_and_response (16.0ms)
Rendering rescues/layout (internal_server_error)


Processing ArticlesController#show (for 127.0.0.1 at 2009-08-16 14:46:40) [GET]
  Parameters: {"id"=>"1"}
  [4;35;1mArticle Load (0.0ms)[0m   [0mSELECT * FROM "articles" WHERE ("articles"."id" = 1) [0m
Rendering template within layouts/articles
Rendering articles/show
  [4;36;1mComment Load (0.0ms)[0m   [0;1mSELECT * FROM "comments" WHERE ("comments".article_id = 1) [0m
Completed in 297ms (View: 141, DB: 0) | 200 OK [http://localhost/articles/1]


Processing ArticlesController#show (for 127.0.0.1 at 2009-08-16 14:46:59) [GET]
  Parameters: {"id"=>"1"}
  [4;35;1mArticle Load (0.0ms)[0m   [0mSELECT * FROM "articles" WHERE ("articles"."id" = 1) [0m
Rendering template within layouts/articles
Rendering articles/show
  [4;36;1mComment Load (0.0ms)[0m   [0;1mSELECT * FROM "comments" WHERE ("comments".article_id = 1) [0m
Completed in 265ms (View: 31, DB: 0) | 200 OK [http://localhost/articles/1]


Processing CommentsController#create (for 127.0.0.1 at 2009-08-16 14:47:21) [POST]
  Parameters: {"commit"=>"Create", "authenticity_token"=>"FwpJLpjerWEDXUfmDRHFW+VnYo1g2jEjnj+yhxyITB4=", "comment"=>{"body"=>"new commen r", "article_id"=>""}}
  [4;35;1mComment Create (0.0ms)[0m   [0mINSERT INTO "comments" ("updated_at", "body", "article_id", "created_at") VALUES('2009-08-16 21:47:21', 'new commen r', NULL, '2009-08-16 21:47:21')[0m
Redirected to http://localhost:3000/comments/4
Completed in 141ms (DB: 0) | 302 Found [http://localhost/comments]


Processing CommentsController#show (for 127.0.0.1 at 2009-08-16 14:47:21) [GET]
  Parameters: {"id"=>"4"}
  [4;36;1mComment Load (0.0ms)[0m   [0;1mSELECT * FROM "comments" WHERE ("comments"."id" = 4) [0m
Rendering template within layouts/comments
Rendering comments/show
Completed in 15ms (View: 0, DB: 0) | 200 OK [http://localhost/comments/4]


Processing ArticlesController#show (for 127.0.0.1 at 2009-08-16 14:47:31) [GET]
  Parameters: {"id"=>"1"}
  [4;35;1mArticle Load (0.0ms)[0m   [0mSELECT * FROM "articles" WHERE ("articles"."id" = 1) [0m
Rendering template within layouts/articles
Rendering articles/show
  [4;36;1mComment Load (0.0ms)[0m   [0;1mSELECT * FROM "comments" WHERE ("comments".article_id = 1) [0m
Completed in 63ms (View: 32, DB: 0) | 200 OK [http://localhost/articles/1]
  [4;36;1mComment Load (16.0ms)[0m   [0;1mSELECT * FROM "comments" [0m
  [4;35;1mComment Load (0.0ms)[0m   [0mSELECT * FROM "comments" [0m


Processing ArticlesController#show (for 127.0.0.1 at 2009-08-16 14:54:58) [GET]
  Parameters: {"id"=>"1"}
  [4;35;1mArticle Load (0.0ms)[0m   [0mSELECT * FROM "articles" WHERE ("articles"."id" = 1) [0m
Rendering template within layouts/articles
Rendering articles/show
  [4;36;1mComment Load (0.0ms)[0m   [0;1mSELECT * FROM "comments" WHERE ("comments".article_id = 1) [0m
Completed in 93ms (View: 62, DB: 0) | 200 OK [http://localhost/articles/1]


Processing CommentsController#create (for 127.0.0.1 at 2009-08-16 14:55:04) [POST]
  Parameters: {"commit"=>"Create", "authenticity_token"=>"FwpJLpjerWEDXUfmDRHFW+VnYo1g2jEjnj+yhxyITB4=", "comment"=>{"body"=>"dsfdsf", "article_id"=>"1"}}
  [4;35;1mComment Create (0.0ms)[0m   [0mINSERT INTO "comments" ("updated_at", "body", "article_id", "created_at") VALUES('2009-08-16 21:55:04', 'dsfdsf', 1, '2009-08-16 21:55:04')[0m
Redirected to http://localhost:3000/comments/5
Completed in 62ms (DB: 0) | 302 Found [http://localhost/comments]


Processing CommentsController#show (for 127.0.0.1 at 2009-08-16 14:55:04) [GET]
  Parameters: {"id"=>"5"}
  [4;36;1mComment Load (0.0ms)[0m   [0;1mSELECT * FROM "comments" WHERE ("comments"."id" = 5) [0m
Rendering template within layouts/comments
Rendering comments/show
Completed in 31ms (View: 16, DB: 0) | 200 OK [http://localhost/comments/5]


Processing ArticlesController#show (for 127.0.0.1 at 2009-08-16 14:55:06) [GET]
  Parameters: {"id"=>"1"}
  [4;35;1mArticle Load (0.0ms)[0m   [0mSELECT * FROM "articles" WHERE ("articles"."id" = 1) [0m
Rendering template within layouts/articles
Rendering articles/show
  [4;36;1mComment Load (0.0ms)[0m   [0;1mSELECT * FROM "comments" WHERE ("comments".article_id = 1) [0m
Completed in 47ms (View: 32, DB: 0) | 200 OK [http://localhost/articles/1]


Processing ArticlesController#show (for 127.0.0.1 at 2009-08-16 14:55:08) [GET]
  Parameters: {"id"=>"1"}
  [4;35;1mArticle Load (0.0ms)[0m   [0mSELECT * FROM "articles" WHERE ("articles"."id" = 1) [0m
Rendering template within layouts/articles
Rendering articles/show
  [4;36;1mComment Load (0.0ms)[0m   [0;1mSELECT * FROM "comments" WHERE ("comments".article_id = 1) [0m
Completed in 31ms (View: 15, DB: 0) | 200 OK [http://localhost/articles/1]


Processing ArticlesController#show (for 127.0.0.1 at 2009-08-16 14:55:36) [GET]
  Parameters: {"id"=>"1"}
  [4;35;1mArticle Load (0.0ms)[0m   [0mSELECT * FROM "articles" WHERE ("articles"."id" = 1) [0m
Rendering template within layouts/articles
Rendering articles/show
  [4;36;1mComment Load (0.0ms)[0m   [0;1mSELECT * FROM "comments" WHERE ("comments".article_id = 1) [0m
Completed in 94ms (View: 62, DB: 0) | 200 OK [http://localhost/articles/1]


Processing CommentsController#create (for 127.0.0.1 at 2009-08-16 14:56:00) [POST]
  Parameters: {"commit"=>"Create", "authenticity_token"=>"FwpJLpjerWEDXUfmDRHFW+VnYo1g2jEjnj+yhxyITB4=", "comment"=>{"body"=>"dfdg", "article_id"=>"1"}}
  [4;35;1mComment Create (0.0ms)[0m   [0mINSERT INTO "comments" ("updated_at", "body", "article_id", "created_at") VALUES('2009-08-16 21:56:00', 'dfdg', 1, '2009-08-16 21:56:00')[0m
Redirected to http://localhost:3000/comments/6
Completed in 156ms (DB: 0) | 302 Found [http://localhost/comments]


Processing CommentsController#show (for 127.0.0.1 at 2009-08-16 14:56:00) [GET]
  Parameters: {"id"=>"6"}
  [4;36;1mComment Load (0.0ms)[0m   [0;1mSELECT * FROM "comments" WHERE ("comments"."id" = 6) [0m
Rendering template within layouts/comments
Rendering comments/show
Completed in 16ms (View: 0, DB: 0) | 200 OK [http://localhost/comments/6]


Processing ArticlesController#show (for 127.0.0.1 at 2009-08-16 14:56:56) [GET]
  Parameters: {"id"=>"1"}
  [4;35;1mArticle Load (0.0ms)[0m   [0mSELECT * FROM "articles" WHERE ("articles"."id" = 1) [0m
Rendering template within layouts/articles
Rendering articles/show
  [4;36;1mComment Load (0.0ms)[0m   [0;1mSELECT * FROM "comments" WHERE ("comments".article_id = 1) [0m
Completed in 78ms (View: 46, DB: 0) | 200 OK [http://localhost/articles/1]


Processing CommentsController#create (for 127.0.0.1 at 2009-08-16 14:57:00) [POST]
  Parameters: {"commit"=>"Create", "authenticity_token"=>"FwpJLpjerWEDXUfmDRHFW+VnYo1g2jEjnj+yhxyITB4=", "comment"=>{"body"=>"dfgdgdfg", "article_id"=>"1"}}
  [4;35;1mComment Create (0.0ms)[0m   [0mINSERT INTO "comments" ("updated_at", "body", "article_id", "created_at") VALUES('2009-08-16 21:57:01', 'dfgdgdfg', 1, '2009-08-16 21:57:01')[0m

ActionController::ActionControllerError (Cannot redirect to nil!):
  app/controllers/comments_controller.rb:48:in `create'
  app/controllers/comments_controller.rb:45:in `create'
  C:/Ruby/lib/ruby/1.8/webrick/httpserver.rb:104:in `service'
  C:/Ruby/lib/ruby/1.8/webrick/httpserver.rb:65:in `run'
  C:/Ruby/lib/ruby/1.8/webrick/server.rb:173:in `start_thread'
  C:/Ruby/lib/ruby/1.8/webrick/server.rb:162:in `start'
  C:/Ruby/lib/ruby/1.8/webrick/server.rb:162:in `start_thread'
  C:/Ruby/lib/ruby/1.8/webrick/server.rb:95:in `start'
  C:/Ruby/lib/ruby/1.8/webrick/server.rb:92:in `each'
  C:/Ruby/lib/ruby/1.8/webrick/server.rb:92:in `start'
  C:/Ruby/lib/ruby/1.8/webrick/server.rb:23:in `start'
  C:/Ruby/lib/ruby/1.8/webrick/server.rb:82:in `start'
  -e:2:in `load'
  -e:2

Rendered rescues/_trace (203.0ms)
Rendered rescues/_request_and_response (0.0ms)
Rendering rescues/layout (internal_server_error)


Processing ArticlesController#show (for 127.0.0.1 at 2009-08-16 14:59:08) [GET]
  Parameters: {"id"=>"1"}
  [4;36;1mArticle Load (0.0ms)[0m   [0;1mSELECT * FROM "articles" WHERE ("articles"."id" = 1) [0m
Rendering template within layouts/articles
Rendering articles/show
  [4;35;1mComment Load (0.0ms)[0m   [0mSELECT * FROM "comments" WHERE ("comments".article_id = 1) [0m
Completed in 94ms (View: 63, DB: 0) | 200 OK [http://localhost/articles/1]


Processing ArticlesController#show (for 127.0.0.1 at 2009-08-16 15:00:06) [GET]
  Parameters: {"id"=>"1"}
  [4;36;1mArticle Load (0.0ms)[0m   [0;1mSELECT * FROM "articles" WHERE ("articles"."id" = 1) [0m
Rendering template within layouts/articles
Rendering articles/show
  [4;35;1mComment Load (0.0ms)[0m   [0mSELECT * FROM "comments" WHERE ("comments".article_id = 1) [0m
Completed in 62ms (View: 31, DB: 0) | 200 OK [http://localhost/articles/1]


Processing CommentsController#create (for 127.0.0.1 at 2009-08-16 15:00:12) [POST]
  Parameters: {"commit"=>"Create", "authenticity_token"=>"FwpJLpjerWEDXUfmDRHFW+VnYo1g2jEjnj+yhxyITB4=", "comment"=>{"body"=>"xdfdf", "article_id"=>"1"}}
  [4;36;1mComment Create (0.0ms)[0m   [0;1mINSERT INTO "comments" ("updated_at", "body", "article_id", "created_at") VALUES('2009-08-16 22:00:12', 'xdfdf', 1, '2009-08-16 22:00:12')[0m

ActionController::ActionControllerError (Cannot redirect to nil!):
  app/controllers/comments_controller.rb:48:in `create'
  app/controllers/comments_controller.rb:45:in `create'
  C:/Ruby/lib/ruby/1.8/webrick/httpserver.rb:104:in `service'
  C:/Ruby/lib/ruby/1.8/webrick/httpserver.rb:65:in `run'
  C:/Ruby/lib/ruby/1.8/webrick/server.rb:173:in `start_thread'
  C:/Ruby/lib/ruby/1.8/webrick/server.rb:162:in `start'
  C:/Ruby/lib/ruby/1.8/webrick/server.rb:162:in `start_thread'
  C:/Ruby/lib/ruby/1.8/webrick/server.rb:95:in `start'
  C:/Ruby/lib/ruby/1.8/webrick/server.rb:92:in `each'
  C:/Ruby/lib/ruby/1.8/webrick/server.rb:92:in `start'
  C:/Ruby/lib/ruby/1.8/webrick/server.rb:23:in `start'
  C:/Ruby/lib/ruby/1.8/webrick/server.rb:82:in `start'
  -e:2:in `load'
  -e:2

Rendered rescues/_trace (78.0ms)
Rendered rescues/_request_and_response (0.0ms)
Rendering rescues/layout (internal_server_error)


Processing CommentsController#create (for 127.0.0.1 at 2009-08-16 15:01:16) [POST]
  Parameters: {"commit"=>"Create", "authenticity_token"=>"FwpJLpjerWEDXUfmDRHFW+VnYo1g2jEjnj+yhxyITB4=", "comment"=>{"body"=>"xdfdf", "article_id"=>"1"}}
  [4;35;1mComment Create (0.0ms)[0m   [0mINSERT INTO "comments" ("updated_at", "body", "article_id", "created_at") VALUES('2009-08-16 22:01:16', 'xdfdf', 1, '2009-08-16 22:01:16')[0m
  [4;36;1mArticle Load (0.0ms)[0m   [0;1mSELECT * FROM "articles" WHERE ("articles"."id" = 1) [0m
Redirected to http://localhost:3000/articles/1
Completed in 125ms (DB: 0) | 302 Found [http://localhost/comments]


Processing ArticlesController#show (for 127.0.0.1 at 2009-08-16 15:01:16) [GET]
  Parameters: {"id"=>"1"}
  [4;35;1mArticle Load (0.0ms)[0m   [0mSELECT * FROM "articles" WHERE ("articles"."id" = 1) [0m
Rendering template within layouts/articles
Rendering articles/show
  [4;36;1mComment Load (16.0ms)[0m   [0;1mSELECT * FROM "comments" WHERE ("comments".article_id = 1) [0m
Completed in 422ms (View: 312, DB: 16) | 200 OK [http://localhost/articles/1]


Processing CommentsController#create (for 127.0.0.1 at 2009-08-16 15:01:23) [POST]
  Parameters: {"commit"=>"Create", "authenticity_token"=>"FwpJLpjerWEDXUfmDRHFW+VnYo1g2jEjnj+yhxyITB4=", "comment"=>{"body"=>"dfdf", "article_id"=>"1"}}
  [4;35;1mComment Create (0.0ms)[0m   [0mINSERT INTO "comments" ("updated_at", "body", "article_id", "created_at") VALUES('2009-08-16 22:01:23', 'dfdf', 1, '2009-08-16 22:01:23')[0m
  [4;36;1mArticle Load (0.0ms)[0m   [0;1mSELECT * FROM "articles" WHERE ("articles"."id" = 1) [0m
Redirected to http://localhost:3000/articles/1
Completed in 156ms (DB: 0) | 302 Found [http://localhost/comments]


Processing ArticlesController#show (for 127.0.0.1 at 2009-08-16 15:01:23) [GET]
  Parameters: {"id"=>"1"}
  [4;35;1mArticle Load (0.0ms)[0m   [0mSELECT * FROM "articles" WHERE ("articles"."id" = 1) [0m
Rendering template within layouts/articles
Rendering articles/show
  [4;36;1mComment Load (0.0ms)[0m   [0;1mSELECT * FROM "comments" WHERE ("comments".article_id = 1) [0m
Completed in 47ms (View: 31, DB: 0) | 200 OK [http://localhost/articles/1]


Processing ArticlesController#index (for 127.0.0.1 at 2009-08-16 15:02:59) [GET]
  [4;35;1mArticle Load (0.0ms)[0m   [0mSELECT * FROM "articles" [0m
  [4;36;1mCategory Load (0.0ms)[0m   [0;1mSELECT * FROM "categories" [0m
Rendering template within layouts/articles
Rendering articles/index
Completed in 31ms (View: 15, DB: 0) | 200 OK [http://localhost/articles]


Processing ArticlesController#show (for 127.0.0.1 at 2009-08-16 15:03:02) [GET]
  Parameters: {"id"=>"2"}
  [4;35;1mArticle Load (0.0ms)[0m   [0mSELECT * FROM "articles" WHERE ("articles"."id" = 2) [0m
Rendering template within layouts/articles
Rendering articles/show
  [4;36;1mComment Load (0.0ms)[0m   [0;1mSELECT * FROM "comments" WHERE ("comments".article_id = 2) [0m
Completed in 62ms (View: 31, DB: 0) | 200 OK [http://localhost/articles/2]


Processing CommentsController#create (for 127.0.0.1 at 2009-08-16 15:03:10) [POST]
  Parameters: {"commit"=>"Create", "authenticity_token"=>"FwpJLpjerWEDXUfmDRHFW+VnYo1g2jEjnj+yhxyITB4=", "comment"=>{"body"=>"dsfsdfsdfsdfsdf", "article_id"=>"2"}}
  [4;35;1mComment Create (0.0ms)[0m   [0mINSERT INTO "comments" ("updated_at", "body", "article_id", "created_at") VALUES('2009-08-16 22:03:10', 'dsfsdfsdfsdfsdf', 2, '2009-08-16 22:03:10')[0m
  [4;36;1mArticle Load (0.0ms)[0m   [0;1mSELECT * FROM "articles" WHERE ("articles"."id" = 2) [0m
Redirected to http://localhost:3000/articles/2
Completed in 156ms (DB: 0) | 302 Found [http://localhost/comments]


Processing ArticlesController#show (for 127.0.0.1 at 2009-08-16 15:03:10) [GET]
  Parameters: {"id"=>"2"}
  [4;35;1mArticle Load (0.0ms)[0m   [0mSELECT * FROM "articles" WHERE ("articles"."id" = 2) [0m
Rendering template within layouts/articles
Rendering articles/show
  [4;36;1mComment Load (0.0ms)[0m   [0;1mSELECT * FROM "comments" WHERE ("comments".article_id = 2) [0m
Completed in 31ms (View: 16, DB: 0) | 200 OK [http://localhost/articles/2]
